Using pre-set license
Built from '2020.2/release' branch; Version is '2020.2.0f1 (3721df5a8b28) revision 3613151'; Using compiler version '192528614'; Build Type 'Release'
OS: 'Windows 10  (10.0.0) 64bit' Language: 'en' Physical Memory: 8001 MB
BatchMode: 1, IsHumanControllingUs: 0, StartBugReporterOnCrash: 0, Is64bit: 1, IsPro: 0

 COMMAND LINE ARGUMENTS:
C:\Program Files\Unity\Hub\Editor\2020.2.0f1\Editor\Unity.exe
-adb2
-batchMode
-noUpm
-name
AssetImportWorker0
-projectPath
C:/UnityProjects/BattleTank
-logFile
Logs/AssetImportWorker0.log
-srvPort
56925
Successfully changed project path to: C:/UnityProjects/BattleTank
C:/UnityProjects/BattleTank
Using Asset Import Pipeline V2.
Refreshing native plugins compatible for Editor in 52.25 ms, found 1 plugins.
Preloading 0 native plugins for Editor in 0.00 ms.
Initialize engine version: 2020.2.0f1 (3721df5a8b28)
[Subsystems] Discovering subsystems at path C:/Program Files/Unity/Hub/Editor/2020.2.0f1/Editor/Data/Resources/UnitySubsystems
[Subsystems] Discovering subsystems at path C:/UnityProjects/BattleTank/Assets
GfxDevice: creating device client; threaded=0
Direct3D:
    Version:  Direct3D 11.0 [level 11.1]
    Renderer: NVIDIA GeForce GTX 1050 (ID=0x1c91)
    Vendor:   
    VRAM:     2996 MB
    Driver:   27.21.14.6079
Initialize mono
Mono path[0] = 'C:/Program Files/Unity/Hub/Editor/2020.2.0f1/Editor/Data/Managed'
Mono path[1] = 'C:/Program Files/Unity/Hub/Editor/2020.2.0f1/Editor/Data/MonoBleedingEdge/lib/mono/unityjit'
Mono config path = 'C:/Program Files/Unity/Hub/Editor/2020.2.0f1/Editor/Data/MonoBleedingEdge/etc'
Using monoOptions --debugger-agent=transport=dt_socket,embedding=1,server=y,suspend=n,address=127.0.0.1:56300
Begin MonoManager ReloadAssembly
Registering precompiled unity dll's ...
Register platform support module: C:/Program Files/Unity/Hub/Editor/2020.2.0f1/Editor/Data/PlaybackEngines/WindowsStandaloneSupport/UnityEditor.WindowsStandalone.Extensions.dll
Registered in 0.002340 seconds.
Native extension for WindowsStandalone target not found
Refreshing native plugins compatible for Editor in 43.01 ms, found 1 plugins.
Preloading 0 native plugins for Editor in 0.00 ms.
Invoked RoslynAnalysisRunner static constructor.
RoslynAnalysisRunner will not be running.
RoslynAnalysisRunner has terminated.
Mono: successfully reloaded assembly
- Completed reload, in  2.354 seconds
Platform modules already initialized, skipping
Registering precompiled user dll's ...
Registered in 0.001403 seconds.
Begin MonoManager ReloadAssembly
Native extension for WindowsStandalone target not found
Refreshing native plugins compatible for Editor in 42.29 ms, found 1 plugins.
Preloading 0 native plugins for Editor in 0.00 ms.
Invoked RoslynAnalysisRunner static constructor.
RoslynAnalysisRunner will not be running.
RoslynAnalysisRunner has terminated.
Mono: successfully reloaded assembly
- Completed reload, in  1.180 seconds
Platform modules already initialized, skipping
========================================================================
Worker process is ready to serve import requests
Launched and connected shader compiler UnityShaderCompiler.exe after 0.04 seconds
Refreshing native plugins compatible for Editor in 0.65 ms, found 1 plugins.
Preloading 0 native plugins for Editor in 0.00 ms.
Unloading 1808 Unused Serialized files (Serialized files now loaded: 0)
System memory in use before: 84.4 MB.
System memory in use after: 84.4 MB.

Unloading 24 unused Assets to reduce memory usage. Loaded Objects now: 2250.
Total: 3.337900 ms (FindLiveObjects: 0.288200 ms CreateObjectMapping: 0.067100 ms MarkObjects: 2.824100 ms  DeleteObjects: 0.156400 ms)

========================================================================
Received Import Request.
  path: Assets/Scripts/GameEvents.cs
  artifactKey: Guid(c64f93213b4131b4aafe8a2c80a53642) Importer(815301076,1909f56bfc062723c751e8b465ee728b)
Start importing Assets/Scripts/GameEvents.cs using Guid(c64f93213b4131b4aafe8a2c80a53642) Importer(815301076,1909f56bfc062723c751e8b465ee728b)  -> (artifact id: '518c8340725915ea660bdc799eb76261') in 0.045954 seconds
  Import took 0.051337 seconds .

========================================================================
Received Import Request.
  Time since last request: 0.000560 seconds.
  path: Assets/Scripts/GameManager.cs
  artifactKey: Guid(546ede7c046db7343ac4ee40231ec7b1) Importer(815301076,1909f56bfc062723c751e8b465ee728b)
Start importing Assets/Scripts/GameManager.cs using Guid(546ede7c046db7343ac4ee40231ec7b1) Importer(815301076,1909f56bfc062723c751e8b465ee728b)  -> (artifact id: '90427f9ff7f87e6a4e775dbf6fbfba39') in 0.009334 seconds
  Import took 0.013807 seconds .

========================================================================
Received Import Request.
  Time since last request: 0.000452 seconds.
  path: Assets/Scripts/Player.cs
  artifactKey: Guid(9a8cf6495eb86294897c20efb5929911) Importer(815301076,1909f56bfc062723c751e8b465ee728b)
Start importing Assets/Scripts/Player.cs using Guid(9a8cf6495eb86294897c20efb5929911) Importer(815301076,1909f56bfc062723c751e8b465ee728b)  -> (artifact id: '1a2890782315c4373d64b92ea02000a1') in 0.010205 seconds
  Import took 0.014783 seconds .

========================================================================
Received Import Request.
  Time since last request: 2.188480 seconds.
  path: Assets/Scripts/Shooting.cs
  artifactKey: Guid(59685eb7de823cb4fb56212335f6db88) Importer(815301076,1909f56bfc062723c751e8b465ee728b)
Start importing Assets/Scripts/Shooting.cs using Guid(59685eb7de823cb4fb56212335f6db88) Importer(815301076,1909f56bfc062723c751e8b465ee728b)  -> (artifact id: '74a281e4a3019dd4de578829209e3bdb') in 0.010405 seconds
  Import took 0.014820 seconds .

========================================================================
Received Import Request.
  Time since last request: 0.342745 seconds.
  path: Assets/Scripts/UiManager.cs
  artifactKey: Guid(a732b4eb312290f488e69c5c51382a03) Importer(815301076,1909f56bfc062723c751e8b465ee728b)
Start importing Assets/Scripts/UiManager.cs using Guid(a732b4eb312290f488e69c5c51382a03) Importer(815301076,1909f56bfc062723c751e8b465ee728b)  -> (artifact id: 'ef639d416f4f0821ca3f3ac299786d1a') in 0.011361 seconds
  Import took 0.015467 seconds .

========================================================================
Received Import Request.
  Time since last request: 3.449263 seconds.
  path: Assets/Scripts/Bullet.cs
  artifactKey: Guid(e116e574ef812aa498cb40bdc8be89b9) Importer(815301076,1909f56bfc062723c751e8b465ee728b)
Start importing Assets/Scripts/Bullet.cs using Guid(e116e574ef812aa498cb40bdc8be89b9) Importer(815301076,1909f56bfc062723c751e8b465ee728b)  -> (artifact id: 'baeb7015ad3313b655689e4268aa3f1e') in 0.011197 seconds
  Import took 0.016057 seconds .

========================================================================
Received Prepare
Registering precompiled user dll's ...
Registered in 0.001320 seconds.
Begin MonoManager ReloadAssembly
Native extension for WindowsStandalone target not found
Refreshing native plugins compatible for Editor in 0.49 ms, found 1 plugins.
Preloading 0 native plugins for Editor in 0.00 ms.
Invoked RoslynAnalysisRunner static constructor.
RoslynAnalysisRunner will not be running.
RoslynAnalysisRunner has terminated.
Mono: successfully reloaded assembly
- Completed reload, in  1.062 seconds
Platform modules already initialized, skipping
Refreshing native plugins compatible for Editor in 0.44 ms, found 1 plugins.
Preloading 0 native plugins for Editor in 0.00 ms.
Unloading 1805 Unused Serialized files (Serialized files now loaded: 0)
System memory in use before: 84.4 MB.
System memory in use after: 84.4 MB.

Unloading 12 unused Assets to reduce memory usage. Loaded Objects now: 2253.
Total: 3.317700 ms (FindLiveObjects: 0.283300 ms CreateObjectMapping: 0.071900 ms MarkObjects: 2.813200 ms  DeleteObjects: 0.146800 ms)

========================================================================
Received Import Request.
  Time since last request: 340.442613 seconds.
  path: Assets/square.cs
  artifactKey: Guid(a90954d050c86864dabe91dff2df96ba) Importer(815301076,1909f56bfc062723c751e8b465ee728b)
Start importing Assets/square.cs using Guid(a90954d050c86864dabe91dff2df96ba) Importer(815301076,1909f56bfc062723c751e8b465ee728b)  -> (artifact id: '2080a570e708e2b1395e349810c599ba') in 0.015616 seconds
  Import took 0.022066 seconds .

========================================================================
Received Prepare
Registering precompiled user dll's ...
Registered in 0.001502 seconds.
Begin MonoManager ReloadAssembly
Native extension for WindowsStandalone target not found
Refreshing native plugins compatible for Editor in 0.90 ms, found 1 plugins.
Preloading 0 native plugins for Editor in 0.00 ms.
Invoked RoslynAnalysisRunner static constructor.
RoslynAnalysisRunner will not be running.
RoslynAnalysisRunner has terminated.
Mono: successfully reloaded assembly
- Completed reload, in  1.163 seconds
Platform modules already initialized, skipping
Refreshing native plugins compatible for Editor in 0.67 ms, found 1 plugins.
Preloading 0 native plugins for Editor in 0.00 ms.
Unloading 1805 Unused Serialized files (Serialized files now loaded: 0)
System memory in use before: 84.5 MB.
System memory in use after: 84.5 MB.

Unloading 13 unused Assets to reduce memory usage. Loaded Objects now: 2255.
Total: 3.245600 ms (FindLiveObjects: 0.376800 ms CreateObjectMapping: 0.086600 ms MarkObjects: 2.642200 ms  DeleteObjects: 0.137600 ms)

========================================================================
Received Import Request.
  Time since last request: 52.537510 seconds.
  path: Assets/Prefabs/SmallTankA.prefab
  artifactKey: Guid(239ffd2785409c54f98f84bfd326bc9b) Importer(815301076,1909f56bfc062723c751e8b465ee728b)
Start importing Assets/Prefabs/SmallTankA.prefab using Guid(239ffd2785409c54f98f84bfd326bc9b) Importer(815301076,1909f56bfc062723c751e8b465ee728b)  -> (artifact id: '1a1158bf2bc6ea9d7c06f431b7168fbf') in 0.151530 seconds
  Import took 0.156188 seconds .

========================================================================
Received Import Request.
  Time since last request: 1.211682 seconds.
  path: Assets/Prefabs/SmallTankB.prefab
  artifactKey: Guid(9a5d69efccc763d43baf5386fe75be85) Importer(815301076,1909f56bfc062723c751e8b465ee728b)
Start importing Assets/Prefabs/SmallTankB.prefab using Guid(9a5d69efccc763d43baf5386fe75be85) Importer(815301076,1909f56bfc062723c751e8b465ee728b)  -> (artifact id: '6dcbc34db2cf40747a766d1f2c684e4e') in 0.048150 seconds
  Import took 0.055045 seconds .

========================================================================
Received Import Request.
  Time since last request: 0.000892 seconds.
  path: Assets/Prefabs/SmallTankB.prefab
  artifactKey: Guid(9a5d69efccc763d43baf5386fe75be85) Importer(815301076,1909f56bfc062723c751e8b465ee728b)
Start importing Assets/Prefabs/SmallTankB.prefab using Guid(9a5d69efccc763d43baf5386fe75be85) Importer(815301076,1909f56bfc062723c751e8b465ee728b)  -> (artifact id: '6dcbc34db2cf40747a766d1f2c684e4e') in 0.026690 seconds
  Import took 0.031460 seconds .

AssetImportWorkerClient::OnTransportError - code=2 error=End of file
